
> naranja-v4.1@0.1.0 build
> next build --no-lint

 ⚠ Linting is disabled.
   ▲ Next.js 15.5.9
   - Environments: .env.local

   Creating an optimized production build ...
 ✓ Compiled successfully in 3.5s
   Checking validity of types ...
   Collecting page data ...
   Generating static pages (0/103) ...
Supabase client initialized
Supabase URL: https://igzucjhzvghlhpqmgolb.supabase.co
Supabase Key: eyJhbGci...
Supabase client initialized
Supabase URL: https://igzucjhzvghlhpqmgolb.supabase.co
Supabase Key: eyJhbGci...
Supabase client initialized
Supabase URL: https://igzucjhzvghlhpqmgolb.supabase.co
Supabase Key: eyJhbGci...
Supabase client initialized
Supabase URL: https://igzucjhzvghlhpqmgolb.supabase.co
Supabase Key: eyJhbGci...
Org chart tree is empty. Departments: [] Visible: [] Promoted: []
Org chart tree is empty. Departments: [] Visible: [] Promoted: []
   Generating static pages (25/103) 
Supabase client initialized
Supabase URL: https://igzucjhzvghlhpqmgolb.supabase.co
Supabase Key: eyJhbGci...
   Generating static pages (51/103) 
UserManagementPanel: users []
UserManagementPanel: userSearch 
UserManagementPanel: bulkDeptFilter 
UserManagementPanel: bulkShiftFilter 
   Generating static pages (77/103) 
 ✓ Generating static pages (103/103)
   Finalizing page optimization ...
   Collecting build traces ...

Route (app)                                  Size  First Load JS
┌ ○ /                                     6.26 kB         125 kB
├ ○ /_not-found                              1 kB         103 kB
├ ○ /admin/create-auth-user               3.08 kB         156 kB
├ ○ /admin/dashboard                      4.18 kB         154 kB
├ ○ /admin/documents                        724 B         179 kB
├ ○ /admin/documents/add                  3.14 kB         160 kB
├ ○ /admin/documents/archived             4.18 kB         157 kB
├ ƒ /admin/documents/edit/[id]            4.19 kB         161 kB
├ ○ /admin/incomplete                     6.69 kB         160 kB
├ ○ /admin/modules                        12.9 kB         191 kB
├ ○ /admin/modules/add                    2.59 kB         166 kB
├ ƒ /admin/modules/edit/[id]              4.82 kB         166 kB
├ ○ /admin/modules/manage                   208 B         102 kB
├ ○ /admin/onboarding                     25.3 kB         178 kB
├ ○ /admin/permissions                    6.44 kB         156 kB
├ ○ /admin/roles                          5.51 kB         159 kB
├ ○ /admin/roles/add                      2.78 kB         156 kB
├ ○ /admin/roles/modules                  1.21 kB         161 kB
├ ○ /admin/standard-sections              3.39 kB         149 kB
├ ○ /admin/utility                        15.3 kB         168 kB
├ ○ /admin/utility/accessmanager          3.02 kB         149 kB
├ ○ /admin/utility/auditors                 208 B         102 kB
├ ○ /admin/utility/document-type          5.44 kB         159 kB
├ ○ /admin/utility/shift                  4.97 kB         158 kB
├ ○ /admin/utility/support/contact          174 B         113 kB
├ ƒ /api/change-user-department-role        208 B         102 kB
├ ƒ /api/change-user-role-assignments       208 B         102 kB
├ ƒ /api/create-auth-user                   208 B         102 kB
├ ƒ /api/record-training-completion         208 B         102 kB
├ ƒ /api/reports/export                     208 B         102 kB
├ ƒ /api/reports/run                        208 B         102 kB
├ ƒ /api/reports/save                       208 B         102 kB
├ ƒ /api/search                             208 B         102 kB
├ ƒ /api/send-email                         208 B         102 kB
├ ƒ /api/staged-role-manager                208 B         102 kB
├ ƒ /api/sync-department-training           208 B         102 kB
├ ƒ /api/sync-training-from-profile         208 B         102 kB
├ ƒ /api/training-logs                      208 B         102 kB
├ ƒ /api/update-password                    208 B         102 kB
├ ƒ /api/update-user-role-assignments       208 B         102 kB
├ ○ /calendar                             2.19 kB         161 kB
├ ○ /calendar/demo                        4.61 kB         163 kB
├ ○ /confirmationdocs                       208 B         102 kB
├ ○ /forgot-password                      5.47 kB         155 kB
├ ○ /health-safety                        14.1 kB         184 kB
├ ○ /health-safety/audit-log              3.79 kB         154 kB
├ ○ /health-safety/emergency-contacts     3.78 kB         154 kB
├ ○ /health-safety/firstaid               1.68 kB         148 kB
├ ƒ /health-safety/incidents/[id]           208 B         102 kB
├ ○ /health-safety/incidents/add            969 B         160 kB
├ ○ /health-safety/locations              3.79 kB         154 kB
├ ○ /health-safety/policies                 510 B         157 kB
├ ƒ /health-safety/policies/[id]          2.64 kB         156 kB
├ ○ /health-safety/policies/add           2.25 kB         111 kB
├ ○ /health-safety/reports                3.78 kB         154 kB
├ ○ /health-safety/settings               3.78 kB         154 kB
├ ○ /health-safety/templates              3.79 kB         154 kB
├ ○ /homepage/about                       5.46 kB         111 kB
├ ○ /homepage/accessibility               6.14 kB         112 kB
├ ○ /homepage/careers                     9.59 kB         163 kB
├ ○ /homepage/contact-us                    272 B         113 kB
├ ○ /homepage/cookies                     2.67 kB         105 kB
├ ○ /homepage/dpa                         4.34 kB         106 kB
├ ○ /homepage/instructional-media         6.67 kB         116 kB
├ ○ /homepage/managing-risks              6.67 kB         116 kB
├ ○ /homepage/press                       6.27 kB         112 kB
├ ○ /homepage/privacynotice               3.86 kB         106 kB
├ ○ /homepage/security                    5.43 kB         111 kB
├ ○ /homepage/sops-policies               6.62 kB         116 kB
├ ○ /homepage/terms                       1.97 kB         104 kB
├ ○ /homepage/turkus                      6.64 kB         116 kB
├ ○ /hr/dashboard                         2.17 kB         334 kB
├ ○ /hr/department-shifts                 4.28 kB         161 kB
├ ○ /hr/people                            12.7 kB         182 kB
├ ○ /hr/resource-manager                    200 B         332 kB
├ ○ /hr/rota                                172 B         158 kB
├ ○ /hr/structure                         2.69 kB         149 kB
├ ○ /hr/structure/manager-structure       3.31 kB         160 kB
├ ○ /hr/structure/role-structure          1.21 kB         163 kB
├ ○ /landingpage                          5.62 kB         157 kB
├ ○ /location-selector                    5.98 kB         157 kB
├ ○ /login                                 5.9 kB         155 kB
├ ○ /manager                              11.4 kB         325 kB
├ ○ /manager/myteamissues                 21.6 kB         175 kB
├ ○ /new-starter                          7.64 kB         161 kB
├ ○ /reports                              5.23 kB         170 kB
├ ○ /role-wizard                          1.21 kB         161 kB
├ ○ /support/contact                        174 B         113 kB
├ ○ /tasks                                10.9 kB         164 kB
├ ○ /trainer/dashboard                    10.3 kB         163 kB
├ ○ /trainer/documents                    8.37 kB         162 kB
├ ○ /trainer/modules                      8.65 kB         163 kB
├ ○ /training                             2.27 kB         191 kB
├ ○ /training/assessment                  3.23 kB         166 kB
├ ○ /training/complete                      189 B         189 kB
├ ○ /training/explorer                    8.17 kB         312 kB
├ ○ /training/log                         1.33 kB         147 kB
├ ○ /training/matrix                       2.1 kB         159 kB
├ ○ /training/test-builder                2.89 kB         161 kB
├ ○ /turkus                               4.22 kB         154 kB
├ ○ /turkus/assignments                    6.5 kB         160 kB
├ ○ /turkus/auditors                      2.35 kB         148 kB
├ ƒ /turkus/audits                          129 B         149 kB
├ ƒ /turkus/audits/audits                   129 B         149 kB
├ ○ /turkus/documents                       399 B         179 kB
├ ○ /turkus/issues                        7.77 kB         173 kB
├ ƒ /turkus/issues/[issueId]              2.89 kB         156 kB
├ ○ /turkus/issues/add                    2.07 kB         148 kB
├ ○ /turkus/issues/my                     2.32 kB         148 kB
└ ○ /user/dashboard                         677 B         298 kB
+ First Load JS shared by all              102 kB
  ├ chunks/1255-c3eac4a11d392a0d.js       45.6 kB
  ├ chunks/4bd1b696-100b9d70ed4e49c1.js   54.2 kB
  └ other shared chunks (total)            2.2 kB

Route (pages)                                Size  First Load JS
─ ƒ /api/notify-nonconformance                0 B        83.5 kB
+ First Load JS shared by all             83.5 kB
  ├ chunks/framework-b9fd9bcc3ecde907.js  44.8 kB
  ├ chunks/main-17068481ace0f2de.js       36.5 kB
  └ other shared chunks (total)           2.15 kB

○  (Static)   prerendered as static content
ƒ  (Dynamic)  server-rendered on demand

